<?xml version="1.0" encoding="UTF-8"?>
<!-- Generated by org.testng.reporters.JUnitReportReporter -->
<testsuite skipped="0" hostname="admin-PC" name="restapi.Apitest" tests="1" failures="0" timestamp="29 Jun 2019 06:33:48 GMT" time="11.411" errors="0">
  <testcase name="test1" time="11.411" classname="restapi.Apitest"/>
</testsuite> <!-- restapi.Apitest -->
